<?xml version="1.0" encoding="utf-8"?>
<shfbBuild product="Sandcastle Help File Builder and Tools" version="2023.7.8.0" projectFile="C:\Github\S2AM\PRJ02\Sprint 04\IAPOO_RuaDario\IAPOO\DocumentacioTecnica\DocumentacioTecnica.shfbproj" started="05/12/2023 1:09:33 pm">
<buildStep step="Initializing">
The Sandcastle tools are located in &#39;C:\Program Files (x86)\EWSoftware\Sandcastle Help File Builder&#39;
Locating components in the following folder(s):
    C:\Github\S2AM\PRJ02\Sprint 04\IAPOO_RuaDario\IAPOO\DocumentacioTecnica
    C:\ProgramData\EWSoftware\Sandcastle Help File Builder\Components and Plug-Ins
    C:\Program Files (x86)\EWSoftware\Sandcastle Help File Builder\Components
Using framework reflection data for &#39;.NET Framework 4.7.2&#39; located in &#39;C:\Program Files (x86)\EWSoftware\Sandcastle Help File Builder\Data\.NETFramework&#39;
Using presentation style &#39;VS2013&#39; located in &#39;C:\Program Files (x86)\EWSoftware\Sandcastle Help File Builder\Components\VS2013&#39;
Searching for HTML Help 1 compiler...
Found HTML Help 1 compiler in &#39;C:\Program Files (x86)\HTML Help Workshop\&#39;
Loading and initializing plug-ins...
Lightweight Website Style Version 2023.7.8.0
Copyright &#169; 2006-2023, Eric Woodruff, All Rights Reserved
Portions Copyright &#169; 2014, Sam Harwell, All Rights Reserved
-------------------------------
Clearing any prior web/markdown output...
</buildStep>
<buildStep step="ValidatingDocumentationSources">
Validating and copying documentation source information
Source: C:\Github\S2AM\PRJ02\Sprint 04\IAPOO_RuaDario\IAPOO\App\Missatges.dll
    Found assembly &#39;C:\Github\S2AM\PRJ02\Sprint 04\IAPOO_RuaDario\IAPOO\App\Missatges.dll&#39;
Source: C:\Github\S2AM\PRJ02\Sprint 04\IAPOO_RuaDario\IAPOO\App\Missatges.xml

References to include:
    C:\Github\S2AM\PRJ02\Sprint 04\IAPOO_RuaDario\IAPOO\Missatges\bin\Debug\Missatges.dll

Copying XML comments files
    C:\Github\S2AM\PRJ02\Sprint 04\IAPOO_RuaDario\IAPOO\App\Missatges.xml -&gt; C:\Github\S2AM\PRJ02\Sprint 04\IAPOO_RuaDario\IAPOO\DocumentacioTecnica\Help\Working\Missatges.xml
</buildStep>
<buildStep step="GenerateSharedContent">
Generating shared content files (en-US, English (United States))...
<plugIn name="Lightweight Website Style" behavior="After" priority="1000">
</plugIn>    Last step completed in 00:00:00.0020
</buildStep>
<buildStep step="GenerateApiFilter">
Generating API filter for MRefBuilder...
    Last step completed in 00:00:00.0010
</buildStep>
<buildStep step="GenerateReflectionInfo">
Generating reflection information...
[C:\Program Files (x86)\Microsoft Visual Studio\2019\Community\MSBuild\Current\Bin\MSBuild.exe - GenerateRefInfo-e4574396-e701-44a0-83c4-5e9cdf5563d5.proj]
Build started 05/12/2023 1:09:33 pm.
Project &quot;C:\Github\S2AM\PRJ02\Sprint 04\IAPOO_RuaDario\IAPOO\DocumentacioTecnica\Help\Working\GenerateRefInfo-e4574396-e701-44a0-83c4-5e9cdf5563d5.proj&quot; on node 1 (default targets).
PrepareForBuild:
  Creating directory &quot;obj\Debug\&quot;.
GenerateBindingRedirects:
  No suggested binding redirects from ResolveAssemblyReferences.
GenerateRefInfo:
  Microsoft.Build (v16.11.2+f3225964253d565862806752e54a7608191a9035)
  c Microsoft Corporation. All rights reserved.
  No source code context base path specified.  Source context information is unavailable.
  Loaded 1 assemblies for reflection and 2 dependency assemblies.
  Wrote information on 1 namespaces, 2 types, and 8 members
  Merging duplicate type and member information
  Merged 0 duplicate type(s) and 0 duplicate member(s)
Done Building Project &quot;C:\Github\S2AM\PRJ02\Sprint 04\IAPOO_RuaDario\IAPOO\DocumentacioTecnica\Help\Working\GenerateRefInfo-e4574396-e701-44a0-83c4-5e9cdf5563d5.proj&quot; (default targets).
    Last step completed in 00:00:00.6132
</buildStep>
<buildStep step="ApplyDocumentModel">
Applying document model to reflection output...
    Last step completed in 00:00:00.0010
</buildStep>
<buildStep step="AddApiTopicFilenames">
Adding topic filenames to API members...
    Last step completed in 00:00:00.0010
</buildStep>
<buildStep step="GenerateApiTopicManifest">
Generating API topic manifest...
    Last step completed in 00:00:00.0010
</buildStep>
<buildStep step="GenerateNamespaceSummaries">
Generating namespace summary information...
    Last step completed in 00:00:00.0020
</buildStep>
<buildStep step="CopyConceptualContent">
Copying conceptual content...
Checking for token files...
Checking for code snippets files...
Copying images and creating the media map file...
Generating conceptual topic files
    Parsing topic file &#39;C:\Github\S2AM\PRJ02\Sprint 04\IAPOO_RuaDario\IAPOO\DocumentacioTecnica\Content\Welcome.aml&#39;
    C:\Github\S2AM\PRJ02\Sprint 04\IAPOO_RuaDario\IAPOO\DocumentacioTecnica\Content\Welcome.aml -&gt; C:\Github\S2AM\PRJ02\Sprint 04\IAPOO_RuaDario\IAPOO\DocumentacioTecnica\Help\Working\ddueXml\a6c1bee7-7330-4376-b427-2a090d8dceda.xml
    Parsing topic file &#39;C:\Github\S2AM\PRJ02\Sprint 04\IAPOO_RuaDario\IAPOO\DocumentacioTecnica\Content\VersionHistory\VersionHistory.aml&#39;
    C:\Github\S2AM\PRJ02\Sprint 04\IAPOO_RuaDario\IAPOO\DocumentacioTecnica\Content\VersionHistory\VersionHistory.aml -&gt; C:\Github\S2AM\PRJ02\Sprint 04\IAPOO_RuaDario\IAPOO\DocumentacioTecnica\Help\Working\ddueXml\41f995c5-d6e2-4704-9d9e-f9db4818044b.xml
    Parsing topic file &#39;C:\Github\S2AM\PRJ02\Sprint 04\IAPOO_RuaDario\IAPOO\DocumentacioTecnica\Content\VersionHistory\v1.0.0.0.aml&#39;
    C:\Github\S2AM\PRJ02\Sprint 04\IAPOO_RuaDario\IAPOO\DocumentacioTecnica\Content\VersionHistory\v1.0.0.0.aml -&gt; C:\Github\S2AM\PRJ02\Sprint 04\IAPOO_RuaDario\IAPOO\DocumentacioTecnica\Help\Working\ddueXml\c50afcf4-eaab-4a39-95cd-aa20a92a583a.xml
    Last step completed in 00:00:00.0230
</buildStep>
<buildStep step="CreateConceptualTopicConfigs">
Creating conceptual topic configuration files...
    Companion files
    _ContentMetadata_.xml
    Merging topic IDs into reference topic manifest file
    Last step completed in 00:00:00.0060
</buildStep>
<buildStep step="CopyAdditionalContent">
Copying additional content files...
C:\Github\S2AM\PRJ02\Sprint 04\IAPOO_RuaDario\IAPOO\DocumentacioTecnica\icons\Help.png -&gt; C:\Github\S2AM\PRJ02\Sprint 04\IAPOO_RuaDario\IAPOO\DocumentacioTecnica\Help\Working\Output\HtmlHelp1\icons\Help.png
C:\Github\S2AM\PRJ02\Sprint 04\IAPOO_RuaDario\IAPOO\DocumentacioTecnica\icons\Help.png -&gt; C:\Github\S2AM\PRJ02\Sprint 04\IAPOO_RuaDario\IAPOO\DocumentacioTecnica\Help\Working\Output\Website\icons\Help.png
    Last step completed in 00:00:00.0050
</buildStep>
<buildStep step="MergeTablesOfContents">
Merging conceptual and additional tables of contents...
    Last step completed in 00:00:00.0000
</buildStep>
<buildStep step="GenerateIntermediateTableOfContents">
Generating intermediate table of contents file for API content...
Generating conceptual content intermediate TOC file...
    Last step completed in 00:00:00.0020
</buildStep>
<buildStep step="CreateBuildAssemblerConfigs">
Creating Sandcastle configuration files...
    Last step completed in 00:00:00.1160
</buildStep>
<buildStep step="CombiningIntermediateTocFiles">
Combining conceptual and API intermediate TOC files...
    Last step completed in 00:00:00.0020
</buildStep>
<buildStep step="MergeCustomConfigs">
Merging custom build component configurations
C:\Github\S2AM\PRJ02\Sprint 04\IAPOO_RuaDario\IAPOO\DocumentacioTecnica\Help\Working\BuildAssembler.config
  Updating reference topic configurations.
  Updating conceptual topic configurations.
    Removing unused ExampleComponent.
    Last step completed in 00:00:00.0040
</buildStep>
<buildStep step="BuildTopics">
Building help topics...
Loading configuration...
Processing topics...
Processed 18 topic(s)
CopyFromIndexComponent: &quot;metadata&quot; in-memory cache entries used: 1 of 15.
ResolveArtLinksComponent: Copying media files...
ResolveArtLinksComponent: Copying media files...
CopyFromIndexComponent: &quot;reflection&quot; in-memory cache entries used: 2 of 15.
CopyFromIndexComponent: &quot;comments&quot; in-memory cache entries used: 1 of 30.
SaveComponent: Waiting for the document writer task to finish (4 Help1 API file(s) remaining)...
    Last step completed in 00:00:02.0891
</buildStep>
<buildStep step="ExtractingHtmlInfo">
Extracting HTML info for HTML Help 1 and/or website...
Using LCID &#39;1033&#39;, code page &#39;65001&#39;, encoding charset &#39;UTF-8&#39;.
Processing Help 1 files in C:\Github\S2AM\PRJ02\Sprint 04\IAPOO_RuaDario\IAPOO\DocumentacioTecnica\Help\Working\Output\HtmlHelp1
Processed 18 HTML files.  Sorting keywords and generating See Also indices.
Saving HTML Help 1 keyword index to C:\Github\S2AM\PRJ02\Sprint 04\IAPOO_RuaDario\IAPOO\DocumentacioTecnica\Help\Working\Output\HtmlHelp1\DocumentacioTecnica.hhk
Saving HTML Help 1 table of contents to C:\Github\S2AM\PRJ02\Sprint 04\IAPOO_RuaDario\IAPOO\DocumentacioTecnica\Help\Working\Output\HtmlHelp1\DocumentacioTecnica.hhc
Processing website files in C:\Github\S2AM\PRJ02\Sprint 04\IAPOO_RuaDario\IAPOO\DocumentacioTecnica\Help\Working\Output\Website
Processed 18 HTML files.  Sorting keywords and generating See Also indices.
Saving website table of contents to C:\Github\S2AM\PRJ02\Sprint 04\IAPOO_RuaDario\IAPOO\DocumentacioTecnica\Help\Working\\WebTOC.xml
    Last step completed in 00:00:00.0090
</buildStep>
<buildStep step="CopyStandardHelpContent">
Copying standard help content...
C:\Program Files (x86)\EWSoftware\Sandcastle Help File Builder\Components\VS2013\icons\AlertCaution.png -&gt; C:\Github\S2AM\PRJ02\Sprint 04\IAPOO_RuaDario\IAPOO\DocumentacioTecnica\Help\Working\Output\HtmlHelp1\icons\AlertCaution.png
C:\Program Files (x86)\EWSoftware\Sandcastle Help File Builder\Components\VS2013\icons\AlertNote.png -&gt; C:\Github\S2AM\PRJ02\Sprint 04\IAPOO_RuaDario\IAPOO\DocumentacioTecnica\Help\Working\Output\HtmlHelp1\icons\AlertNote.png
C:\Program Files (x86)\EWSoftware\Sandcastle Help File Builder\Components\VS2013\icons\AlertSecurity.png -&gt; C:\Github\S2AM\PRJ02\Sprint 04\IAPOO_RuaDario\IAPOO\DocumentacioTecnica\Help\Working\Output\HtmlHelp1\icons\AlertSecurity.png
C:\Program Files (x86)\EWSoftware\Sandcastle Help File Builder\Components\VS2013\icons\CodeExample.png -&gt; C:\Github\S2AM\PRJ02\Sprint 04\IAPOO_RuaDario\IAPOO\DocumentacioTecnica\Help\Working\Output\HtmlHelp1\icons\CodeExample.png
C:\Program Files (x86)\EWSoftware\Sandcastle Help File Builder\Components\VS2013\icons\favicon.ico -&gt; C:\Github\S2AM\PRJ02\Sprint 04\IAPOO_RuaDario\IAPOO\DocumentacioTecnica\Help\Working\Output\HtmlHelp1\icons\favicon.ico
C:\Program Files (x86)\EWSoftware\Sandcastle Help File Builder\Components\VS2013\icons\privClass.gif -&gt; C:\Github\S2AM\PRJ02\Sprint 04\IAPOO_RuaDario\IAPOO\DocumentacioTecnica\Help\Working\Output\HtmlHelp1\icons\privClass.gif
C:\Program Files (x86)\EWSoftware\Sandcastle Help File Builder\Components\VS2013\icons\privDelegate.gif -&gt; C:\Github\S2AM\PRJ02\Sprint 04\IAPOO_RuaDario\IAPOO\DocumentacioTecnica\Help\Working\Output\HtmlHelp1\icons\privDelegate.gif
C:\Program Files (x86)\EWSoftware\Sandcastle Help File Builder\Components\VS2013\icons\privEnumeration.gif -&gt; C:\Github\S2AM\PRJ02\Sprint 04\IAPOO_RuaDario\IAPOO\DocumentacioTecnica\Help\Working\Output\HtmlHelp1\icons\privEnumeration.gif
C:\Program Files (x86)\EWSoftware\Sandcastle Help File Builder\Components\VS2013\icons\privEvent.gif -&gt; C:\Github\S2AM\PRJ02\Sprint 04\IAPOO_RuaDario\IAPOO\DocumentacioTecnica\Help\Working\Output\HtmlHelp1\icons\privEvent.gif
C:\Program Files (x86)\EWSoftware\Sandcastle Help File Builder\Components\VS2013\icons\privExtension.gif -&gt; C:\Github\S2AM\PRJ02\Sprint 04\IAPOO_RuaDario\IAPOO\DocumentacioTecnica\Help\Working\Output\HtmlHelp1\icons\privExtension.gif
C:\Program Files (x86)\EWSoftware\Sandcastle Help File Builder\Components\VS2013\icons\privField.gif -&gt; C:\Github\S2AM\PRJ02\Sprint 04\IAPOO_RuaDario\IAPOO\DocumentacioTecnica\Help\Working\Output\HtmlHelp1\icons\privField.gif
C:\Program Files (x86)\EWSoftware\Sandcastle Help File Builder\Components\VS2013\icons\privInterface.gif -&gt; C:\Github\S2AM\PRJ02\Sprint 04\IAPOO_RuaDario\IAPOO\DocumentacioTecnica\Help\Working\Output\HtmlHelp1\icons\privInterface.gif
C:\Program Files (x86)\EWSoftware\Sandcastle Help File Builder\Components\VS2013\icons\privMethod.gif -&gt; C:\Github\S2AM\PRJ02\Sprint 04\IAPOO_RuaDario\IAPOO\DocumentacioTecnica\Help\Working\Output\HtmlHelp1\icons\privMethod.gif
C:\Program Files (x86)\EWSoftware\Sandcastle Help File Builder\Components\VS2013\icons\privProperty.gif -&gt; C:\Github\S2AM\PRJ02\Sprint 04\IAPOO_RuaDario\IAPOO\DocumentacioTecnica\Help\Working\Output\HtmlHelp1\icons\privProperty.gif
C:\Program Files (x86)\EWSoftware\Sandcastle Help File Builder\Components\VS2013\icons\privStructure.gif -&gt; C:\Github\S2AM\PRJ02\Sprint 04\IAPOO_RuaDario\IAPOO\DocumentacioTecnica\Help\Working\Output\HtmlHelp1\icons\privStructure.gif
C:\Program Files (x86)\EWSoftware\Sandcastle Help File Builder\Components\VS2013\icons\protClass.gif -&gt; C:\Github\S2AM\PRJ02\Sprint 04\IAPOO_RuaDario\IAPOO\DocumentacioTecnica\Help\Working\Output\HtmlHelp1\icons\protClass.gif
C:\Program Files (x86)\EWSoftware\Sandcastle Help File Builder\Components\VS2013\icons\protDelegate.gif -&gt; C:\Github\S2AM\PRJ02\Sprint 04\IAPOO_RuaDario\IAPOO\DocumentacioTecnica\Help\Working\Output\HtmlHelp1\icons\protDelegate.gif
C:\Program Files (x86)\EWSoftware\Sandcastle Help File Builder\Components\VS2013\icons\protEnumeration.gif -&gt; C:\Github\S2AM\PRJ02\Sprint 04\IAPOO_RuaDario\IAPOO\DocumentacioTecnica\Help\Working\Output\HtmlHelp1\icons\protEnumeration.gif
C:\Program Files (x86)\EWSoftware\Sandcastle Help File Builder\Components\VS2013\icons\protEvent.gif -&gt; C:\Github\S2AM\PRJ02\Sprint 04\IAPOO_RuaDario\IAPOO\DocumentacioTecnica\Help\Working\Output\HtmlHelp1\icons\protEvent.gif
C:\Program Files (x86)\EWSoftware\Sandcastle Help File Builder\Components\VS2013\icons\protExtension.gif -&gt; C:\Github\S2AM\PRJ02\Sprint 04\IAPOO_RuaDario\IAPOO\DocumentacioTecnica\Help\Working\Output\HtmlHelp1\icons\protExtension.gif
C:\Program Files (x86)\EWSoftware\Sandcastle Help File Builder\Components\VS2013\icons\protField.gif -&gt; C:\Github\S2AM\PRJ02\Sprint 04\IAPOO_RuaDario\IAPOO\DocumentacioTecnica\Help\Working\Output\HtmlHelp1\icons\protField.gif
C:\Program Files (x86)\EWSoftware\Sandcastle Help File Builder\Components\VS2013\icons\protInterface.gif -&gt; C:\Github\S2AM\PRJ02\Sprint 04\IAPOO_RuaDario\IAPOO\DocumentacioTecnica\Help\Working\Output\HtmlHelp1\icons\protInterface.gif
C:\Program Files (x86)\EWSoftware\Sandcastle Help File Builder\Components\VS2013\icons\protMethod.gif -&gt; C:\Github\S2AM\PRJ02\Sprint 04\IAPOO_RuaDario\IAPOO\DocumentacioTecnica\Help\Working\Output\HtmlHelp1\icons\protMethod.gif
C:\Program Files (x86)\EWSoftware\Sandcastle Help File Builder\Components\VS2013\icons\protOperator.gif -&gt; C:\Github\S2AM\PRJ02\Sprint 04\IAPOO_RuaDario\IAPOO\DocumentacioTecnica\Help\Working\Output\HtmlHelp1\icons\protOperator.gif
C:\Program Files (x86)\EWSoftware\Sandcastle Help File Builder\Components\VS2013\icons\protProperty.gif -&gt; C:\Github\S2AM\PRJ02\Sprint 04\IAPOO_RuaDario\IAPOO\DocumentacioTecnica\Help\Working\Output\HtmlHelp1\icons\protProperty.gif
C:\Program Files (x86)\EWSoftware\Sandcastle Help File Builder\Components\VS2013\icons\protStructure.gif -&gt; C:\Github\S2AM\PRJ02\Sprint 04\IAPOO_RuaDario\IAPOO\DocumentacioTecnica\Help\Working\Output\HtmlHelp1\icons\protStructure.gif
C:\Program Files (x86)\EWSoftware\Sandcastle Help File Builder\Components\VS2013\icons\pubClass.gif -&gt; C:\Github\S2AM\PRJ02\Sprint 04\IAPOO_RuaDario\IAPOO\DocumentacioTecnica\Help\Working\Output\HtmlHelp1\icons\pubClass.gif
C:\Program Files (x86)\EWSoftware\Sandcastle Help File Builder\Components\VS2013\icons\pubDelegate.gif -&gt; C:\Github\S2AM\PRJ02\Sprint 04\IAPOO_RuaDario\IAPOO\DocumentacioTecnica\Help\Working\Output\HtmlHelp1\icons\pubDelegate.gif
C:\Program Files (x86)\EWSoftware\Sandcastle Help File Builder\Components\VS2013\icons\pubEnumeration.gif -&gt; C:\Github\S2AM\PRJ02\Sprint 04\IAPOO_RuaDario\IAPOO\DocumentacioTecnica\Help\Working\Output\HtmlHelp1\icons\pubEnumeration.gif
C:\Program Files (x86)\EWSoftware\Sandcastle Help File Builder\Components\VS2013\icons\pubEvent.gif -&gt; C:\Github\S2AM\PRJ02\Sprint 04\IAPOO_RuaDario\IAPOO\DocumentacioTecnica\Help\Working\Output\HtmlHelp1\icons\pubEvent.gif
C:\Program Files (x86)\EWSoftware\Sandcastle Help File Builder\Components\VS2013\icons\pubExtension.gif -&gt; C:\Github\S2AM\PRJ02\Sprint 04\IAPOO_RuaDario\IAPOO\DocumentacioTecnica\Help\Working\Output\HtmlHelp1\icons\pubExtension.gif
C:\Program Files (x86)\EWSoftware\Sandcastle Help File Builder\Components\VS2013\icons\pubField.gif -&gt; C:\Github\S2AM\PRJ02\Sprint 04\IAPOO_RuaDario\IAPOO\DocumentacioTecnica\Help\Working\Output\HtmlHelp1\icons\pubField.gif
C:\Program Files (x86)\EWSoftware\Sandcastle Help File Builder\Components\VS2013\icons\pubInterface.gif -&gt; C:\Github\S2AM\PRJ02\Sprint 04\IAPOO_RuaDario\IAPOO\DocumentacioTecnica\Help\Working\Output\HtmlHelp1\icons\pubInterface.gif
C:\Program Files (x86)\EWSoftware\Sandcastle Help File Builder\Components\VS2013\icons\pubMethod.gif -&gt; C:\Github\S2AM\PRJ02\Sprint 04\IAPOO_RuaDario\IAPOO\DocumentacioTecnica\Help\Working\Output\HtmlHelp1\icons\pubMethod.gif
C:\Program Files (x86)\EWSoftware\Sandcastle Help File Builder\Components\VS2013\icons\pubOperator.gif -&gt; C:\Github\S2AM\PRJ02\Sprint 04\IAPOO_RuaDario\IAPOO\DocumentacioTecnica\Help\Working\Output\HtmlHelp1\icons\pubOperator.gif
C:\Program Files (x86)\EWSoftware\Sandcastle Help File Builder\Components\VS2013\icons\pubProperty.gif -&gt; C:\Github\S2AM\PRJ02\Sprint 04\IAPOO_RuaDario\IAPOO\DocumentacioTecnica\Help\Working\Output\HtmlHelp1\icons\pubProperty.gif
C:\Program Files (x86)\EWSoftware\Sandcastle Help File Builder\Components\VS2013\icons\pubStructure.gif -&gt; C:\Github\S2AM\PRJ02\Sprint 04\IAPOO_RuaDario\IAPOO\DocumentacioTecnica\Help\Working\Output\HtmlHelp1\icons\pubStructure.gif
C:\Program Files (x86)\EWSoftware\Sandcastle Help File Builder\Components\VS2013\icons\SectionCollapsed.png -&gt; C:\Github\S2AM\PRJ02\Sprint 04\IAPOO_RuaDario\IAPOO\DocumentacioTecnica\Help\Working\Output\HtmlHelp1\icons\SectionCollapsed.png
C:\Program Files (x86)\EWSoftware\Sandcastle Help File Builder\Components\VS2013\icons\SectionExpanded.png -&gt; C:\Github\S2AM\PRJ02\Sprint 04\IAPOO_RuaDario\IAPOO\DocumentacioTecnica\Help\Working\Output\HtmlHelp1\icons\SectionExpanded.png
C:\Program Files (x86)\EWSoftware\Sandcastle Help File Builder\Components\VS2013\icons\Static.gif -&gt; C:\Github\S2AM\PRJ02\Sprint 04\IAPOO_RuaDario\IAPOO\DocumentacioTecnica\Help\Working\Output\HtmlHelp1\icons\Static.gif
C:\Program Files (x86)\EWSoftware\Sandcastle Help File Builder\Components\VS2013\scripts\branding.js -&gt; C:\Github\S2AM\PRJ02\Sprint 04\IAPOO_RuaDario\IAPOO\DocumentacioTecnica\Help\Working\Output\HtmlHelp1\scripts\branding.js
C:\Program Files (x86)\EWSoftware\Sandcastle Help File Builder\Components\VS2013\styles\branding-cs-CZ.css -&gt; C:\Github\S2AM\PRJ02\Sprint 04\IAPOO_RuaDario\IAPOO\DocumentacioTecnica\Help\Working\Output\HtmlHelp1\styles\branding-cs-CZ.css
C:\Program Files (x86)\EWSoftware\Sandcastle Help File Builder\Components\VS2013\styles\branding-de-DE.css -&gt; C:\Github\S2AM\PRJ02\Sprint 04\IAPOO_RuaDario\IAPOO\DocumentacioTecnica\Help\Working\Output\HtmlHelp1\styles\branding-de-DE.css
C:\Program Files (x86)\EWSoftware\Sandcastle Help File Builder\Components\VS2013\styles\branding-en-US.css -&gt; C:\Github\S2AM\PRJ02\Sprint 04\IAPOO_RuaDario\IAPOO\DocumentacioTecnica\Help\Working\Output\HtmlHelp1\styles\branding-en-US.css
C:\Program Files (x86)\EWSoftware\Sandcastle Help File Builder\Components\VS2013\styles\branding-es-ES.css -&gt; C:\Github\S2AM\PRJ02\Sprint 04\IAPOO_RuaDario\IAPOO\DocumentacioTecnica\Help\Working\Output\HtmlHelp1\styles\branding-es-ES.css
C:\Program Files (x86)\EWSoftware\Sandcastle Help File Builder\Components\VS2013\styles\branding-fr-FR.css -&gt; C:\Github\S2AM\PRJ02\Sprint 04\IAPOO_RuaDario\IAPOO\DocumentacioTecnica\Help\Working\Output\HtmlHelp1\styles\branding-fr-FR.css
C:\Program Files (x86)\EWSoftware\Sandcastle Help File Builder\Components\VS2013\styles\branding-Help1.css -&gt; C:\Github\S2AM\PRJ02\Sprint 04\IAPOO_RuaDario\IAPOO\DocumentacioTecnica\Help\Working\Output\HtmlHelp1\styles\branding-Help1.css
C:\Program Files (x86)\EWSoftware\Sandcastle Help File Builder\Components\VS2013\styles\branding-HelpViewer.css -&gt; C:\Github\S2AM\PRJ02\Sprint 04\IAPOO_RuaDario\IAPOO\DocumentacioTecnica\Help\Working\Output\HtmlHelp1\styles\branding-HelpViewer.css
C:\Program Files (x86)\EWSoftware\Sandcastle Help File Builder\Components\VS2013\styles\branding-it-IT.css -&gt; C:\Github\S2AM\PRJ02\Sprint 04\IAPOO_RuaDario\IAPOO\DocumentacioTecnica\Help\Working\Output\HtmlHelp1\styles\branding-it-IT.css
C:\Program Files (x86)\EWSoftware\Sandcastle Help File Builder\Components\VS2013\styles\branding-ja-JP.css -&gt; C:\Github\S2AM\PRJ02\Sprint 04\IAPOO_RuaDario\IAPOO\DocumentacioTecnica\Help\Working\Output\HtmlHelp1\styles\branding-ja-JP.css
C:\Program Files (x86)\EWSoftware\Sandcastle Help File Builder\Components\VS2013\styles\branding-ko-KR.css -&gt; C:\Github\S2AM\PRJ02\Sprint 04\IAPOO_RuaDario\IAPOO\DocumentacioTecnica\Help\Working\Output\HtmlHelp1\styles\branding-ko-KR.css
C:\Program Files (x86)\EWSoftware\Sandcastle Help File Builder\Components\VS2013\styles\branding-pl-PL.css -&gt; C:\Github\S2AM\PRJ02\Sprint 04\IAPOO_RuaDario\IAPOO\DocumentacioTecnica\Help\Working\Output\HtmlHelp1\styles\branding-pl-PL.css
C:\Program Files (x86)\EWSoftware\Sandcastle Help File Builder\Components\VS2013\styles\branding-pt-BR.css -&gt; C:\Github\S2AM\PRJ02\Sprint 04\IAPOO_RuaDario\IAPOO\DocumentacioTecnica\Help\Working\Output\HtmlHelp1\styles\branding-pt-BR.css
C:\Program Files (x86)\EWSoftware\Sandcastle Help File Builder\Components\VS2013\styles\branding-ru-RU.css -&gt; C:\Github\S2AM\PRJ02\Sprint 04\IAPOO_RuaDario\IAPOO\DocumentacioTecnica\Help\Working\Output\HtmlHelp1\styles\branding-ru-RU.css
C:\Program Files (x86)\EWSoftware\Sandcastle Help File Builder\Components\VS2013\styles\branding-tr-TR.css -&gt; C:\Github\S2AM\PRJ02\Sprint 04\IAPOO_RuaDario\IAPOO\DocumentacioTecnica\Help\Working\Output\HtmlHelp1\styles\branding-tr-TR.css
C:\Program Files (x86)\EWSoftware\Sandcastle Help File Builder\Components\VS2013\styles\branding-Website.css -&gt; C:\Github\S2AM\PRJ02\Sprint 04\IAPOO_RuaDario\IAPOO\DocumentacioTecnica\Help\Working\Output\HtmlHelp1\styles\branding-Website.css
C:\Program Files (x86)\EWSoftware\Sandcastle Help File Builder\Components\VS2013\styles\branding-zh-CN.css -&gt; C:\Github\S2AM\PRJ02\Sprint 04\IAPOO_RuaDario\IAPOO\DocumentacioTecnica\Help\Working\Output\HtmlHelp1\styles\branding-zh-CN.css
C:\Program Files (x86)\EWSoftware\Sandcastle Help File Builder\Components\VS2013\styles\branding-zh-TW.css -&gt; C:\Github\S2AM\PRJ02\Sprint 04\IAPOO_RuaDario\IAPOO\DocumentacioTecnica\Help\Working\Output\HtmlHelp1\styles\branding-zh-TW.css
C:\Program Files (x86)\EWSoftware\Sandcastle Help File Builder\Components\VS2013\styles\branding.css -&gt; C:\Github\S2AM\PRJ02\Sprint 04\IAPOO_RuaDario\IAPOO\DocumentacioTecnica\Help\Working\Output\HtmlHelp1\styles\branding.css
C:\Program Files (x86)\EWSoftware\Sandcastle Help File Builder\Components\VS2013\icons\AlertCaution.png -&gt; C:\Github\S2AM\PRJ02\Sprint 04\IAPOO_RuaDario\IAPOO\DocumentacioTecnica\Help\Working\Output\Website\icons\AlertCaution.png
C:\Program Files (x86)\EWSoftware\Sandcastle Help File Builder\Components\VS2013\icons\AlertNote.png -&gt; C:\Github\S2AM\PRJ02\Sprint 04\IAPOO_RuaDario\IAPOO\DocumentacioTecnica\Help\Working\Output\Website\icons\AlertNote.png
C:\Program Files (x86)\EWSoftware\Sandcastle Help File Builder\Components\VS2013\icons\AlertSecurity.png -&gt; C:\Github\S2AM\PRJ02\Sprint 04\IAPOO_RuaDario\IAPOO\DocumentacioTecnica\Help\Working\Output\Website\icons\AlertSecurity.png
C:\Program Files (x86)\EWSoftware\Sandcastle Help File Builder\Components\VS2013\icons\CodeExample.png -&gt; C:\Github\S2AM\PRJ02\Sprint 04\IAPOO_RuaDario\IAPOO\DocumentacioTecnica\Help\Working\Output\Website\icons\CodeExample.png
C:\Program Files (x86)\EWSoftware\Sandcastle Help File Builder\Components\VS2013\icons\favicon.ico -&gt; C:\Github\S2AM\PRJ02\Sprint 04\IAPOO_RuaDario\IAPOO\DocumentacioTecnica\Help\Working\Output\Website\icons\favicon.ico
C:\Program Files (x86)\EWSoftware\Sandcastle Help File Builder\Components\VS2013\icons\privClass.gif -&gt; C:\Github\S2AM\PRJ02\Sprint 04\IAPOO_RuaDario\IAPOO\DocumentacioTecnica\Help\Working\Output\Website\icons\privClass.gif
C:\Program Files (x86)\EWSoftware\Sandcastle Help File Builder\Components\VS2013\icons\privDelegate.gif -&gt; C:\Github\S2AM\PRJ02\Sprint 04\IAPOO_RuaDario\IAPOO\DocumentacioTecnica\Help\Working\Output\Website\icons\privDelegate.gif
C:\Program Files (x86)\EWSoftware\Sandcastle Help File Builder\Components\VS2013\icons\privEnumeration.gif -&gt; C:\Github\S2AM\PRJ02\Sprint 04\IAPOO_RuaDario\IAPOO\DocumentacioTecnica\Help\Working\Output\Website\icons\privEnumeration.gif
C:\Program Files (x86)\EWSoftware\Sandcastle Help File Builder\Components\VS2013\icons\privEvent.gif -&gt; C:\Github\S2AM\PRJ02\Sprint 04\IAPOO_RuaDario\IAPOO\DocumentacioTecnica\Help\Working\Output\Website\icons\privEvent.gif
C:\Program Files (x86)\EWSoftware\Sandcastle Help File Builder\Components\VS2013\icons\privExtension.gif -&gt; C:\Github\S2AM\PRJ02\Sprint 04\IAPOO_RuaDario\IAPOO\DocumentacioTecnica\Help\Working\Output\Website\icons\privExtension.gif
C:\Program Files (x86)\EWSoftware\Sandcastle Help File Builder\Components\VS2013\icons\privField.gif -&gt; C:\Github\S2AM\PRJ02\Sprint 04\IAPOO_RuaDario\IAPOO\DocumentacioTecnica\Help\Working\Output\Website\icons\privField.gif
C:\Program Files (x86)\EWSoftware\Sandcastle Help File Builder\Components\VS2013\icons\privInterface.gif -&gt; C:\Github\S2AM\PRJ02\Sprint 04\IAPOO_RuaDario\IAPOO\DocumentacioTecnica\Help\Working\Output\Website\icons\privInterface.gif
C:\Program Files (x86)\EWSoftware\Sandcastle Help File Builder\Components\VS2013\icons\privMethod.gif -&gt; C:\Github\S2AM\PRJ02\Sprint 04\IAPOO_RuaDario\IAPOO\DocumentacioTecnica\Help\Working\Output\Website\icons\privMethod.gif
C:\Program Files (x86)\EWSoftware\Sandcastle Help File Builder\Components\VS2013\icons\privProperty.gif -&gt; C:\Github\S2AM\PRJ02\Sprint 04\IAPOO_RuaDario\IAPOO\DocumentacioTecnica\Help\Working\Output\Website\icons\privProperty.gif
C:\Program Files (x86)\EWSoftware\Sandcastle Help File Builder\Components\VS2013\icons\privStructure.gif -&gt; C:\Github\S2AM\PRJ02\Sprint 04\IAPOO_RuaDario\IAPOO\DocumentacioTecnica\Help\Working\Output\Website\icons\privStructure.gif
C:\Program Files (x86)\EWSoftware\Sandcastle Help File Builder\Components\VS2013\icons\protClass.gif -&gt; C:\Github\S2AM\PRJ02\Sprint 04\IAPOO_RuaDario\IAPOO\DocumentacioTecnica\Help\Working\Output\Website\icons\protClass.gif
C:\Program Files (x86)\EWSoftware\Sandcastle Help File Builder\Components\VS2013\icons\protDelegate.gif -&gt; C:\Github\S2AM\PRJ02\Sprint 04\IAPOO_RuaDario\IAPOO\DocumentacioTecnica\Help\Working\Output\Website\icons\protDelegate.gif
C:\Program Files (x86)\EWSoftware\Sandcastle Help File Builder\Components\VS2013\icons\protEnumeration.gif -&gt; C:\Github\S2AM\PRJ02\Sprint 04\IAPOO_RuaDario\IAPOO\DocumentacioTecnica\Help\Working\Output\Website\icons\protEnumeration.gif
C:\Program Files (x86)\EWSoftware\Sandcastle Help File Builder\Components\VS2013\icons\protEvent.gif -&gt; C:\Github\S2AM\PRJ02\Sprint 04\IAPOO_RuaDario\IAPOO\DocumentacioTecnica\Help\Working\Output\Website\icons\protEvent.gif
C:\Program Files (x86)\EWSoftware\Sandcastle Help File Builder\Components\VS2013\icons\protExtension.gif -&gt; C:\Github\S2AM\PRJ02\Sprint 04\IAPOO_RuaDario\IAPOO\DocumentacioTecnica\Help\Working\Output\Website\icons\protExtension.gif
C:\Program Files (x86)\EWSoftware\Sandcastle Help File Builder\Components\VS2013\icons\protField.gif -&gt; C:\Github\S2AM\PRJ02\Sprint 04\IAPOO_RuaDario\IAPOO\DocumentacioTecnica\Help\Working\Output\Website\icons\protField.gif
C:\Program Files (x86)\EWSoftware\Sandcastle Help File Builder\Components\VS2013\icons\protInterface.gif -&gt; C:\Github\S2AM\PRJ02\Sprint 04\IAPOO_RuaDario\IAPOO\DocumentacioTecnica\Help\Working\Output\Website\icons\protInterface.gif
C:\Program Files (x86)\EWSoftware\Sandcastle Help File Builder\Components\VS2013\icons\protMethod.gif -&gt; C:\Github\S2AM\PRJ02\Sprint 04\IAPOO_RuaDario\IAPOO\DocumentacioTecnica\Help\Working\Output\Website\icons\protMethod.gif
C:\Program Files (x86)\EWSoftware\Sandcastle Help File Builder\Components\VS2013\icons\protOperator.gif -&gt; C:\Github\S2AM\PRJ02\Sprint 04\IAPOO_RuaDario\IAPOO\DocumentacioTecnica\Help\Working\Output\Website\icons\protOperator.gif
C:\Program Files (x86)\EWSoftware\Sandcastle Help File Builder\Components\VS2013\icons\protProperty.gif -&gt; C:\Github\S2AM\PRJ02\Sprint 04\IAPOO_RuaDario\IAPOO\DocumentacioTecnica\Help\Working\Output\Website\icons\protProperty.gif
C:\Program Files (x86)\EWSoftware\Sandcastle Help File Builder\Components\VS2013\icons\protStructure.gif -&gt; C:\Github\S2AM\PRJ02\Sprint 04\IAPOO_RuaDario\IAPOO\DocumentacioTecnica\Help\Working\Output\Website\icons\protStructure.gif
C:\Program Files (x86)\EWSoftware\Sandcastle Help File Builder\Components\VS2013\icons\pubClass.gif -&gt; C:\Github\S2AM\PRJ02\Sprint 04\IAPOO_RuaDario\IAPOO\DocumentacioTecnica\Help\Working\Output\Website\icons\pubClass.gif
C:\Program Files (x86)\EWSoftware\Sandcastle Help File Builder\Components\VS2013\icons\pubDelegate.gif -&gt; C:\Github\S2AM\PRJ02\Sprint 04\IAPOO_RuaDario\IAPOO\DocumentacioTecnica\Help\Working\Output\Website\icons\pubDelegate.gif
C:\Program Files (x86)\EWSoftware\Sandcastle Help File Builder\Components\VS2013\icons\pubEnumeration.gif -&gt; C:\Github\S2AM\PRJ02\Sprint 04\IAPOO_RuaDario\IAPOO\DocumentacioTecnica\Help\Working\Output\Website\icons\pubEnumeration.gif
C:\Program Files (x86)\EWSoftware\Sandcastle Help File Builder\Components\VS2013\icons\pubEvent.gif -&gt; C:\Github\S2AM\PRJ02\Sprint 04\IAPOO_RuaDario\IAPOO\DocumentacioTecnica\Help\Working\Output\Website\icons\pubEvent.gif
C:\Program Files (x86)\EWSoftware\Sandcastle Help File Builder\Components\VS2013\icons\pubExtension.gif -&gt; C:\Github\S2AM\PRJ02\Sprint 04\IAPOO_RuaDario\IAPOO\DocumentacioTecnica\Help\Working\Output\Website\icons\pubExtension.gif
C:\Program Files (x86)\EWSoftware\Sandcastle Help File Builder\Components\VS2013\icons\pubField.gif -&gt; C:\Github\S2AM\PRJ02\Sprint 04\IAPOO_RuaDario\IAPOO\DocumentacioTecnica\Help\Working\Output\Website\icons\pubField.gif
C:\Program Files (x86)\EWSoftware\Sandcastle Help File Builder\Components\VS2013\icons\pubInterface.gif -&gt; C:\Github\S2AM\PRJ02\Sprint 04\IAPOO_RuaDario\IAPOO\DocumentacioTecnica\Help\Working\Output\Website\icons\pubInterface.gif
C:\Program Files (x86)\EWSoftware\Sandcastle Help File Builder\Components\VS2013\icons\pubMethod.gif -&gt; C:\Github\S2AM\PRJ02\Sprint 04\IAPOO_RuaDario\IAPOO\DocumentacioTecnica\Help\Working\Output\Website\icons\pubMethod.gif
C:\Program Files (x86)\EWSoftware\Sandcastle Help File Builder\Components\VS2013\icons\pubOperator.gif -&gt; C:\Github\S2AM\PRJ02\Sprint 04\IAPOO_RuaDario\IAPOO\DocumentacioTecnica\Help\Working\Output\Website\icons\pubOperator.gif
C:\Program Files (x86)\EWSoftware\Sandcastle Help File Builder\Components\VS2013\icons\pubProperty.gif -&gt; C:\Github\S2AM\PRJ02\Sprint 04\IAPOO_RuaDario\IAPOO\DocumentacioTecnica\Help\Working\Output\Website\icons\pubProperty.gif
C:\Program Files (x86)\EWSoftware\Sandcastle Help File Builder\Components\VS2013\icons\pubStructure.gif -&gt; C:\Github\S2AM\PRJ02\Sprint 04\IAPOO_RuaDario\IAPOO\DocumentacioTecnica\Help\Working\Output\Website\icons\pubStructure.gif
C:\Program Files (x86)\EWSoftware\Sandcastle Help File Builder\Components\VS2013\icons\SectionCollapsed.png -&gt; C:\Github\S2AM\PRJ02\Sprint 04\IAPOO_RuaDario\IAPOO\DocumentacioTecnica\Help\Working\Output\Website\icons\SectionCollapsed.png
C:\Program Files (x86)\EWSoftware\Sandcastle Help File Builder\Components\VS2013\icons\SectionExpanded.png -&gt; C:\Github\S2AM\PRJ02\Sprint 04\IAPOO_RuaDario\IAPOO\DocumentacioTecnica\Help\Working\Output\Website\icons\SectionExpanded.png
C:\Program Files (x86)\EWSoftware\Sandcastle Help File Builder\Components\VS2013\icons\Static.gif -&gt; C:\Github\S2AM\PRJ02\Sprint 04\IAPOO_RuaDario\IAPOO\DocumentacioTecnica\Help\Working\Output\Website\icons\Static.gif
C:\Program Files (x86)\EWSoftware\Sandcastle Help File Builder\Components\VS2013\scripts\branding.js -&gt; C:\Github\S2AM\PRJ02\Sprint 04\IAPOO_RuaDario\IAPOO\DocumentacioTecnica\Help\Working\Output\Website\scripts\branding.js
C:\Program Files (x86)\EWSoftware\Sandcastle Help File Builder\Components\VS2013\styles\branding-cs-CZ.css -&gt; C:\Github\S2AM\PRJ02\Sprint 04\IAPOO_RuaDario\IAPOO\DocumentacioTecnica\Help\Working\Output\Website\styles\branding-cs-CZ.css
C:\Program Files (x86)\EWSoftware\Sandcastle Help File Builder\Components\VS2013\styles\branding-de-DE.css -&gt; C:\Github\S2AM\PRJ02\Sprint 04\IAPOO_RuaDario\IAPOO\DocumentacioTecnica\Help\Working\Output\Website\styles\branding-de-DE.css
C:\Program Files (x86)\EWSoftware\Sandcastle Help File Builder\Components\VS2013\styles\branding-en-US.css -&gt; C:\Github\S2AM\PRJ02\Sprint 04\IAPOO_RuaDario\IAPOO\DocumentacioTecnica\Help\Working\Output\Website\styles\branding-en-US.css
C:\Program Files (x86)\EWSoftware\Sandcastle Help File Builder\Components\VS2013\styles\branding-es-ES.css -&gt; C:\Github\S2AM\PRJ02\Sprint 04\IAPOO_RuaDario\IAPOO\DocumentacioTecnica\Help\Working\Output\Website\styles\branding-es-ES.css
C:\Program Files (x86)\EWSoftware\Sandcastle Help File Builder\Components\VS2013\styles\branding-fr-FR.css -&gt; C:\Github\S2AM\PRJ02\Sprint 04\IAPOO_RuaDario\IAPOO\DocumentacioTecnica\Help\Working\Output\Website\styles\branding-fr-FR.css
C:\Program Files (x86)\EWSoftware\Sandcastle Help File Builder\Components\VS2013\styles\branding-Help1.css -&gt; C:\Github\S2AM\PRJ02\Sprint 04\IAPOO_RuaDario\IAPOO\DocumentacioTecnica\Help\Working\Output\Website\styles\branding-Help1.css
C:\Program Files (x86)\EWSoftware\Sandcastle Help File Builder\Components\VS2013\styles\branding-HelpViewer.css -&gt; C:\Github\S2AM\PRJ02\Sprint 04\IAPOO_RuaDario\IAPOO\DocumentacioTecnica\Help\Working\Output\Website\styles\branding-HelpViewer.css
C:\Program Files (x86)\EWSoftware\Sandcastle Help File Builder\Components\VS2013\styles\branding-it-IT.css -&gt; C:\Github\S2AM\PRJ02\Sprint 04\IAPOO_RuaDario\IAPOO\DocumentacioTecnica\Help\Working\Output\Website\styles\branding-it-IT.css
C:\Program Files (x86)\EWSoftware\Sandcastle Help File Builder\Components\VS2013\styles\branding-ja-JP.css -&gt; C:\Github\S2AM\PRJ02\Sprint 04\IAPOO_RuaDario\IAPOO\DocumentacioTecnica\Help\Working\Output\Website\styles\branding-ja-JP.css
C:\Program Files (x86)\EWSoftware\Sandcastle Help File Builder\Components\VS2013\styles\branding-ko-KR.css -&gt; C:\Github\S2AM\PRJ02\Sprint 04\IAPOO_RuaDario\IAPOO\DocumentacioTecnica\Help\Working\Output\Website\styles\branding-ko-KR.css
C:\Program Files (x86)\EWSoftware\Sandcastle Help File Builder\Components\VS2013\styles\branding-pl-PL.css -&gt; C:\Github\S2AM\PRJ02\Sprint 04\IAPOO_RuaDario\IAPOO\DocumentacioTecnica\Help\Working\Output\Website\styles\branding-pl-PL.css
C:\Program Files (x86)\EWSoftware\Sandcastle Help File Builder\Components\VS2013\styles\branding-pt-BR.css -&gt; C:\Github\S2AM\PRJ02\Sprint 04\IAPOO_RuaDario\IAPOO\DocumentacioTecnica\Help\Working\Output\Website\styles\branding-pt-BR.css
C:\Program Files (x86)\EWSoftware\Sandcastle Help File Builder\Components\VS2013\styles\branding-ru-RU.css -&gt; C:\Github\S2AM\PRJ02\Sprint 04\IAPOO_RuaDario\IAPOO\DocumentacioTecnica\Help\Working\Output\Website\styles\branding-ru-RU.css
C:\Program Files (x86)\EWSoftware\Sandcastle Help File Builder\Components\VS2013\styles\branding-tr-TR.css -&gt; C:\Github\S2AM\PRJ02\Sprint 04\IAPOO_RuaDario\IAPOO\DocumentacioTecnica\Help\Working\Output\Website\styles\branding-tr-TR.css
C:\Program Files (x86)\EWSoftware\Sandcastle Help File Builder\Components\VS2013\styles\branding-Website.css -&gt; C:\Github\S2AM\PRJ02\Sprint 04\IAPOO_RuaDario\IAPOO\DocumentacioTecnica\Help\Working\Output\Website\styles\branding-Website.css
C:\Program Files (x86)\EWSoftware\Sandcastle Help File Builder\Components\VS2013\styles\branding-zh-CN.css -&gt; C:\Github\S2AM\PRJ02\Sprint 04\IAPOO_RuaDario\IAPOO\DocumentacioTecnica\Help\Working\Output\Website\styles\branding-zh-CN.css
C:\Program Files (x86)\EWSoftware\Sandcastle Help File Builder\Components\VS2013\styles\branding-zh-TW.css -&gt; C:\Github\S2AM\PRJ02\Sprint 04\IAPOO_RuaDario\IAPOO\DocumentacioTecnica\Help\Working\Output\Website\styles\branding-zh-TW.css
C:\Program Files (x86)\EWSoftware\Sandcastle Help File Builder\Components\VS2013\styles\branding.css -&gt; C:\Github\S2AM\PRJ02\Sprint 04\IAPOO_RuaDario\IAPOO\DocumentacioTecnica\Help\Working\Output\Website\styles\branding.css
C:\Program Files (x86)\EWSoftware\Sandcastle Help File Builder\Components\VS2013\Web\index.html -&gt; C:\Github\S2AM\PRJ02\Sprint 04\IAPOO_RuaDario\IAPOO\DocumentacioTecnica\Help\Working\Output\Website\index.html
C:\Program Files (x86)\EWSoftware\Sandcastle Help File Builder\Components\VS2013\Web\search.html -&gt; C:\Github\S2AM\PRJ02\Sprint 04\IAPOO_RuaDario\IAPOO\DocumentacioTecnica\Help\Working\Output\Website\search.html
C:\Program Files (x86)\EWSoftware\Sandcastle Help File Builder\Components\VS2013\Web\SearchHelp.aspx -&gt; C:\Github\S2AM\PRJ02\Sprint 04\IAPOO_RuaDario\IAPOO\DocumentacioTecnica\Help\Working\Output\Website\SearchHelp.aspx
C:\Program Files (x86)\EWSoftware\Sandcastle Help File Builder\Components\VS2013\Web\SearchHelp.inc.php -&gt; C:\Github\S2AM\PRJ02\Sprint 04\IAPOO_RuaDario\IAPOO\DocumentacioTecnica\Help\Working\Output\Website\SearchHelp.inc.php
C:\Program Files (x86)\EWSoftware\Sandcastle Help File Builder\Components\VS2013\Web\SearchHelp.php -&gt; C:\Github\S2AM\PRJ02\Sprint 04\IAPOO_RuaDario\IAPOO\DocumentacioTecnica\Help\Working\Output\Website\SearchHelp.php
C:\Program Files (x86)\EWSoftware\Sandcastle Help File Builder\Components\VS2013\Web\Web.Config -&gt; C:\Github\S2AM\PRJ02\Sprint 04\IAPOO_RuaDario\IAPOO\DocumentacioTecnica\Help\Working\Output\Website\Web.Config
C:\Program Files (x86)\EWSoftware\Sandcastle Help File Builder\Components\VS2013\Web\html\GeneralError.htm -&gt; C:\Github\S2AM\PRJ02\Sprint 04\IAPOO_RuaDario\IAPOO\DocumentacioTecnica\Help\Working\Output\Website\html\GeneralError.htm
C:\Program Files (x86)\EWSoftware\Sandcastle Help File Builder\Components\VS2013\Web\html\PageNotFound.htm -&gt; C:\Github\S2AM\PRJ02\Sprint 04\IAPOO_RuaDario\IAPOO\DocumentacioTecnica\Help\Working\Output\Website\html\PageNotFound.htm
C:\Program Files (x86)\EWSoftware\Sandcastle Help File Builder\Components\VS2013\Web\icons\Search.png -&gt; C:\Github\S2AM\PRJ02\Sprint 04\IAPOO_RuaDario\IAPOO\DocumentacioTecnica\Help\Working\Output\Website\icons\Search.png
C:\Program Files (x86)\EWSoftware\Sandcastle Help File Builder\Components\VS2013\Web\icons\TocClose.gif -&gt; C:\Github\S2AM\PRJ02\Sprint 04\IAPOO_RuaDario\IAPOO\DocumentacioTecnica\Help\Working\Output\Website\icons\TocClose.gif
C:\Program Files (x86)\EWSoftware\Sandcastle Help File Builder\Components\VS2013\Web\icons\TocCollapsed.gif -&gt; C:\Github\S2AM\PRJ02\Sprint 04\IAPOO_RuaDario\IAPOO\DocumentacioTecnica\Help\Working\Output\Website\icons\TocCollapsed.gif
C:\Program Files (x86)\EWSoftware\Sandcastle Help File Builder\Components\VS2013\Web\icons\TocExpanded.gif -&gt; C:\Github\S2AM\PRJ02\Sprint 04\IAPOO_RuaDario\IAPOO\DocumentacioTecnica\Help\Working\Output\Website\icons\TocExpanded.gif
C:\Program Files (x86)\EWSoftware\Sandcastle Help File Builder\Components\VS2013\Web\icons\TocOpen.gif -&gt; C:\Github\S2AM\PRJ02\Sprint 04\IAPOO_RuaDario\IAPOO\DocumentacioTecnica\Help\Working\Output\Website\icons\TocOpen.gif
C:\Program Files (x86)\EWSoftware\Sandcastle Help File Builder\Components\VS2013\Web\scripts\branding-Website.js -&gt; C:\Github\S2AM\PRJ02\Sprint 04\IAPOO_RuaDario\IAPOO\DocumentacioTecnica\Help\Working\Output\Website\scripts\branding-Website.js
C:\Program Files (x86)\EWSoftware\Sandcastle Help File Builder\Components\VS2013\Web\scripts\clipboard.min.js -&gt; C:\Github\S2AM\PRJ02\Sprint 04\IAPOO_RuaDario\IAPOO\DocumentacioTecnica\Help\Working\Output\Website\scripts\clipboard.min.js
C:\Program Files (x86)\EWSoftware\Sandcastle Help File Builder\Components\VS2013\Web\scripts\jquery-3.5.1.min.js -&gt; C:\Github\S2AM\PRJ02\Sprint 04\IAPOO_RuaDario\IAPOO\DocumentacioTecnica\Help\Working\Output\Website\scripts\jquery-3.5.1.min.js
    Last step completed in 00:00:00.3500
</buildStep>
<buildStep step="GenerateHelpProject">
Generating HTML Help 1 project file...
    Last step completed in 00:00:00.0020
</buildStep>
<buildStep step="CompilingHelpFile">
Compiling HTML Help 1 file...
[C:\Program Files (x86)\Microsoft Visual Studio\2019\Community\MSBuild\Current\Bin\MSBuild.exe - Build1xHelpFile.proj]
  Microsoft HTML Help Compiler 4.74.8702
  
  
  
  Compiling c:\Github\S2AM\PRJ02\Sprint 04\IAPOO_RuaDario\IAPOO\DocumentacioTecnica\Help\Working\Output\HtmlHelp1\DocumentacioTecnica.chm
  
  
  
  
  
  Compile time: 0 minutes, 0 seconds
  
  20	Topics
  
  164	Local links
  
  0	Internet links
  
  0	Graphics
  
  
  
  
  
  Created c:\Github\S2AM\PRJ02\Sprint 04\IAPOO_RuaDario\IAPOO\DocumentacioTecnica\Help\Working\Output\HtmlHelp1\DocumentacioTecnica.chm, 67,163 bytes
  
  Compression decreased file by 119,724 bytes.
  
    Last step completed in 00:00:00.6600
</buildStep>
<buildStep step="GenerateFullTextIndex">
Generating full-text index for the website...

<plugIn name="Lightweight Website Style" behavior="After" priority="1000">
Adding lightweight search and TOC elements to each topic...
</plugIn>    Last step completed in 00:00:00.0230
</buildStep>
<buildStep step="CopyingWebsiteFiles">
Copying website files to output folder...

Copied 126 files for the website content
    Last step completed in 00:00:00.1420
</buildStep>
<buildStep step="CleanIntermediates">
Removing intermediate files...
    Last step completed in 00:00:00.0390
</buildStep>
<buildStep step="Completed">

Build completed successfully at 05/12/2023 1:09:37 pm.  Total time: 00:00:04.4182

</buildStep>
</shfbBuild>
